Flow report for modulador
Tue Jun 14 22:45:40 2022
Quartus II 64-Bit Version 13.0.1 Build 232 06/12/2013 Service Pack 1 SJ Web Edition


---------------------
; Table of Contents ;
---------------------
  1. Legal Notice
  2. Flow Summary
  3. Flow Settings
  4. Flow Non-Default Global Settings
  5. Flow Elapsed Time
  6. Flow OS Summary
  7. Flow Log
  8. Flow Messages
  9. Flow Suppressed Messages



----------------
; Legal Notice ;
----------------
Copyright (C) 1991-2013 Altera Corporation
Your use of Altera Corporation's design tools, logic functions 
and other software and tools, and its AMPP partner logic 
functions, and any output files from any of the foregoing 
(including device programming or simulation files), and any 
associated documentation or information are expressly subject 
to the terms and conditions of the Altera Program License 
Subscription Agreement, Altera MegaCore Function License 
Agreement, or other applicable license agreement, including, 
without limitation, that your use is for the sole purpose of 
programming logic devices manufactured by Altera and sold by 
Altera or its authorized distributors.  Please refer to the 
applicable agreement for further details.



+--------------------------------------------------------------------------------------+
; Flow Summary                                                                         ;
+------------------------------------+-------------------------------------------------+
; Flow Status                        ; Successful - Tue Jun 14 22:45:39 2022           ;
; Quartus II 64-Bit Version          ; 13.0.1 Build 232 06/12/2013 SP 1 SJ Web Edition ;
; Revision Name                      ; modulador                                       ;
; Top-level Entity Name              ; MODULADORBPSK_V16                               ;
; Family                             ; Cyclone III                                     ;
; Device                             ; EP3C120F780C7                                   ;
; Timing Models                      ; Final                                           ;
; Total logic elements               ; 635 / 119,088 ( < 1 % )                         ;
;     Total combinational functions  ; 611 / 119,088 ( < 1 % )                         ;
;     Dedicated logic registers      ; 137 / 119,088 ( < 1 % )                         ;
; Total registers                    ; 137                                             ;
; Total pins                         ; 54 / 532 ( 10 % )                               ;
; Total virtual pins                 ; 0                                               ;
; Total memory bits                  ; 0 / 3,981,312 ( 0 % )                           ;
; Embedded Multiplier 9-bit elements ; 0 / 576 ( 0 % )                                 ;
; Total PLLs                         ; 1 / 4 ( 25 % )                                  ;
+------------------------------------+-------------------------------------------------+


+-----------------------------------------+
; Flow Settings                           ;
+-------------------+---------------------+
; Option            ; Setting             ;
+-------------------+---------------------+
; Start date & time ; 06/14/2022 22:43:21 ;
; Main task         ; Compilation         ;
; Revision Name     ; modulador           ;
+-------------------+---------------------+


+--------------------------------------------------------------------------------------------------------------------------------------------------------------------------------------------+
; Flow Non-Default Global Settings                                                                                                                                                           ;
+--------------------------------------+------------------------------------------------------------------------------------------------+---------------+-------------------+----------------+
; Assignment Name                      ; Value                                                                                          ; Default Value ; Entity Name       ; Section Id     ;
+--------------------------------------+------------------------------------------------------------------------------------------------+---------------+-------------------+----------------+
; COMPILER_SIGNATURE_ID                ; 255102171692845.165525740108664                                                                ; --            ; --                ; --             ;
; EDA_DESIGN_INSTANCE_NAME             ; uut                                                                                            ; --            ; --                ; modulador_TB   ;
; EDA_NATIVELINK_SIMULATION_TEST_BENCH ; modulador_TB                                                                                   ; --            ; --                ; eda_simulation ;
; EDA_OUTPUT_DATA_FORMAT               ; Vhdl                                                                                           ; --            ; --                ; eda_simulation ;
; EDA_SIMULATION_TOOL                  ; ModelSim-Altera (VHDL)                                                                         ; <None>        ; --                ; --             ;
; EDA_TEST_BENCH_ENABLE_STATUS         ; TEST_BENCH_MODE                                                                                ; --            ; --                ; eda_simulation ;
; EDA_TEST_BENCH_FILE                  ; modulador_TB.vhd                                                                               ; --            ; --                ; modulador_TB   ;
; EDA_TEST_BENCH_MODULE_NAME           ; modulador_TB                                                                                   ; --            ; --                ; modulador_TB   ;
; EDA_TEST_BENCH_NAME                  ; modulador_TB                                                                                   ; --            ; --                ; eda_simulation ;
; ENABLE_SIGNALTAP                     ; On                                                                                             ; --            ; --                ; --             ;
; IP_TOOL_NAME                         ; ALTPLL                                                                                         ; --            ; --                ; --             ;
; IP_TOOL_VERSION                      ; 13.0                                                                                           ; --            ; --                ; --             ;
; MAX_CORE_JUNCTION_TEMP               ; 85                                                                                             ; --            ; --                ; --             ;
; MIN_CORE_JUNCTION_TEMP               ; 0                                                                                              ; --            ; --                ; --             ;
; MISC_FILE                            ; reloj.bsf                                                                                      ; --            ; --                ; --             ;
; MISC_FILE                            ; reloj_inst.vhd                                                                                 ; --            ; --                ; --             ;
; MISC_FILE                            ; reloj.inc                                                                                      ; --            ; --                ; --             ;
; MISC_FILE                            ; reloj.cmp                                                                                      ; --            ; --                ; --             ;
; MISC_FILE                            ; reloj.ppf                                                                                      ; --            ; --                ; --             ;
; MISC_FILE                            ; reloj_syn.v                                                                                    ; --            ; --                ; --             ;
; NOMINAL_CORE_SUPPLY_VOLTAGE          ; 1.2V                                                                                           ; --            ; --                ; --             ;
; PARTITION_COLOR                      ; 16764057                                                                                       ; --            ; MODULADORBPSK_V16 ; Top            ;
; PARTITION_FITTER_PRESERVATION_LEVEL  ; PLACEMENT_AND_ROUTING                                                                          ; --            ; MODULADORBPSK_V16 ; Top            ;
; PARTITION_NETLIST_TYPE               ; SOURCE                                                                                         ; --            ; MODULADORBPSK_V16 ; Top            ;
; POWER_BOARD_THERMAL_MODEL            ; None (CONSERVATIVE)                                                                            ; --            ; --                ; --             ;
; POWER_PRESET_COOLING_SOLUTION        ; 23 MM HEAT SINK WITH 200 LFPM AIRFLOW                                                          ; --            ; --                ; --             ;
; PROJECT_OUTPUT_DIRECTORY             ; output_files                                                                                   ; --            ; --                ; --             ;
; SLD_FILE                             ; C:/Users/Mariano/Desktop/moduladorBPSK_V1/moduladorBPSK_V1/output_files/stp1_auto_stripped.stp ; --            ; --                ; --             ;
; TOP_LEVEL_ENTITY                     ; MODULADORBPSK_V16                                                                              ; modulador     ; --                ; --             ;
; USE_SIGNALTAP_FILE                   ; output_files/stp1.txt                                                                          ; --            ; --                ; --             ;
+--------------------------------------+------------------------------------------------------------------------------------------------+---------------+-------------------+----------------+


+-------------------------------------------------------------------------------------------------------------------------------+
; Flow Elapsed Time                                                                                                             ;
+---------------------------+--------------+-------------------------+---------------------+------------------------------------+
; Module Name               ; Elapsed Time ; Average Processors Used ; Peak Virtual Memory ; Total CPU Time (on all processors) ;
+---------------------------+--------------+-------------------------+---------------------+------------------------------------+
; Analysis & Synthesis      ; 00:00:23     ; 1.0                     ; 4632 MB             ; 00:00:13                           ;
; Fitter                    ; 00:01:05     ; 1.0                     ; 5029 MB             ; 00:00:50                           ;
; Assembler                 ; 00:00:14     ; 1.0                     ; 4559 MB             ; 00:00:10                           ;
; TimeQuest Timing Analyzer ; 00:00:13     ; 1.0                     ; 4659 MB             ; 00:00:08                           ;
; EDA Netlist Writer        ; 00:00:05     ; 1.0                     ; 4524 MB             ; 00:00:03                           ;
; Total                     ; 00:02:00     ; --                      ; --                  ; 00:01:24                           ;
+---------------------------+--------------+-------------------------+---------------------+------------------------------------+


+----------------------------------------------------------------------------------------+
; Flow OS Summary                                                                        ;
+---------------------------+------------------+-----------+------------+----------------+
; Module Name               ; Machine Hostname ; OS Name   ; OS Version ; Processor type ;
+---------------------------+------------------+-----------+------------+----------------+
; Analysis & Synthesis      ; DESKTOP-CV4UGN2  ; Windows 7 ; 6.2        ; x86_64         ;
; Fitter                    ; DESKTOP-CV4UGN2  ; Windows 7 ; 6.2        ; x86_64         ;
; Assembler                 ; DESKTOP-CV4UGN2  ; Windows 7 ; 6.2        ; x86_64         ;
; TimeQuest Timing Analyzer ; DESKTOP-CV4UGN2  ; Windows 7 ; 6.2        ; x86_64         ;
; EDA Netlist Writer        ; DESKTOP-CV4UGN2  ; Windows 7 ; 6.2        ; x86_64         ;
+---------------------------+------------------+-----------+------------+----------------+


------------
; Flow Log ;
------------
quartus_map --read_settings_files=on --write_settings_files=off modulador -c modulador
quartus_fit --read_settings_files=off --write_settings_files=off modulador -c modulador
quartus_asm --read_settings_files=off --write_settings_files=off modulador -c modulador
quartus_sta modulador -c modulador
quartus_eda --read_settings_files=off --write_settings_files=off modulador -c modulador



